{
  "RSpec": {
    "coverage": {
      "/Users/casefaz/turing/3mod/projects/sweater-weather/sweater_weather/app/models/user.rb": {
        "lines": [
          1,
          1,
          1,
          1,
          null,
          1,
          null,
          1,
          1,
          null,
          null,
          1,
          1,
          null,
          null
        ]
      },
      "/Users/casefaz/turing/3mod/projects/sweater-weather/sweater_weather/app/models/application_record.rb": {
        "lines": [
          1,
          1,
          null
        ]
      },
      "/Users/casefaz/turing/3mod/projects/sweater-weather/sweater_weather/app/controllers/api/v1/road_trip_controller.rb": {
        "lines": [
          1,
          1,
          null,
          1,
          1,
          null,
          1,
          null,
          null
        ]
      },
      "/Users/casefaz/turing/3mod/projects/sweater-weather/sweater_weather/app/controllers/application_controller.rb": {
        "lines": [
          1,
          null
        ]
      },
      "/Users/casefaz/turing/3mod/projects/sweater-weather/sweater_weather/app/poros/road_trip.rb": {
        "lines": [
          1,
          1,
          null,
          null,
          null,
          1,
          1,
          1,
          1,
          null,
          null
        ]
      },
      "/Users/casefaz/turing/3mod/projects/sweater-weather/sweater_weather/app/facades/mapquest_facade.rb": {
        "lines": [
          1,
          1,
          null,
          1,
          null,
          1,
          null,
          null
        ]
      },
      "/Users/casefaz/turing/3mod/projects/sweater-weather/sweater_weather/app/services/mapquest_service.rb": {
        "lines": [
          1,
          1,
          2,
          null,
          null,
          1,
          1,
          1,
          1,
          null,
          1,
          null,
          null,
          1,
          1,
          1,
          1,
          1,
          null,
          1,
          null,
          null
        ]
      },
      "/Users/casefaz/turing/3mod/projects/sweater-weather/sweater_weather/app/services/base_service.rb": {
        "lines": [
          1,
          1,
          3,
          null,
          null
        ]
      },
      "/Users/casefaz/turing/3mod/projects/sweater-weather/sweater_weather/app/poros/mapquest.rb": {
        "lines": [
          1,
          1,
          null,
          1,
          1,
          1,
          null,
          null
        ]
      },
      "/Users/casefaz/turing/3mod/projects/sweater-weather/sweater_weather/app/facades/trip_weather_facade.rb": {
        "lines": [
          1,
          1,
          1,
          1,
          null,
          1,
          null,
          null
        ]
      },
      "/Users/casefaz/turing/3mod/projects/sweater-weather/sweater_weather/app/services/weather_service.rb": {
        "lines": [
          1,
          1,
          1,
          null,
          null,
          1,
          1,
          1,
          1,
          1,
          1,
          1,
          null,
          null,
          1,
          null,
          null,
          null
        ]
      },
      "/Users/casefaz/turing/3mod/projects/sweater-weather/sweater_weather/app/facades/road_trip_facade.rb": {
        "lines": [
          1,
          1,
          1,
          1,
          null,
          null
        ]
      },
      "/Users/casefaz/turing/3mod/projects/sweater-weather/sweater_weather/app/poros/trip_weather.rb": {
        "lines": [
          1,
          1,
          null,
          null,
          1,
          null,
          1,
          1,
          null,
          null,
          1,
          null,
          2,
          null,
          96,
          null,
          null,
          null,
          null,
          null,
          null,
          null,
          1,
          1,
          1,
          null,
          1,
          null,
          null,
          null,
          null,
          0,
          0,
          null,
          null,
          null,
          null
        ]
      },
      "/Users/casefaz/turing/3mod/projects/sweater-weather/sweater_weather/app/serializers/trip_weather_serializer.rb": {
        "lines": [
          1,
          1,
          null,
          1,
          null,
          null,
          null,
          null,
          null,
          null,
          null,
          null,
          null,
          null,
          null,
          null
        ]
      }
    },
    "timestamp": 1660066907
  }
}
